C:\USERS\STUDENT\DESKTOP\LAB1_VORONINA\X64\DEBUG\INPUT_DATA.OBJ
C:\USERS\STUDENT\DESKTOP\LAB1_VORONINA\X64\DEBUG\OBSTRUCTION.OBJ
C:\USERS\STUDENT\DESKTOP\LAB1_VORONINA\X64\DEBUG\POINT_LINE.OBJ
C:\USERS\STUDENT\DESKTOP\LAB1_VORONINA\X64\DEBUG\GRAPH.OBJ
C:\USERS\STUDENT\DESKTOP\LAB1_VORONINA\X64\DEBUG\VC110.PDB
C:\USERS\STUDENT\DESKTOP\LAB1_VORONINA\X64\DEBUG\LAB1_VORONINA.ILK
C:\USERS\STUDENT\DESKTOP\LAB1_VORONINA\X64\DEBUG\LAB1_VORONINA.EXE
C:\Users\student\Desktop\LAB1_Voronina\x64\Debug\Graph.obj
C:\Users\student\Desktop\LAB1_Voronina\x64\Debug\Input_data.obj
C:\Users\student\Desktop\LAB1_Voronina\x64\Debug\Obstruction.obj
C:\Users\student\Desktop\LAB1_Voronina\x64\Debug\Point_Line.obj
C:\Users\student\Desktop\LAB1_Voronina\x64\Debug\LAB1_Voronina.ilk
C:\Users\student\Desktop\LAB1_Voronina\x64\Debug\cl.command.1.tlog
C:\Users\student\Desktop\LAB1_Voronina\x64\Debug\CL.read.1.tlog
C:\Users\student\Desktop\LAB1_Voronina\x64\Debug\CL.write.1.tlog
C:\Users\student\Desktop\LAB1_Voronina\x64\Debug\link-cvtres.read.1.tlog
C:\Users\student\Desktop\LAB1_Voronina\x64\Debug\link-cvtres.write.1.tlog
C:\Users\student\Desktop\LAB1_Voronina\x64\Debug\link-rc.read.1.tlog
C:\Users\student\Desktop\LAB1_Voronina\x64\Debug\link-rc.write.1.tlog
C:\Users\student\Desktop\LAB1_Voronina\x64\Debug\link.command.1.tlog
C:\Users\student\Desktop\LAB1_Voronina\x64\Debug\link.read.1.tlog
C:\Users\student\Desktop\LAB1_Voronina\x64\Debug\link.write.1.tlog
C:\Users\student\Desktop\LAB1_Voronina\x64\Debug\vc110.idb
C:\Users\student\Desktop\LAB1_Voronina\x64\Debug\vc110.pdb
C:\Users\student\Desktop\LAB1_Voronina\x64\Debug\LAB1_Voronina.exe
